19:50:46 **** Rebuild of configuration Debug for project Arcade Drive ****
Info: Internal Builder is used for build
arm-frc-linux-gnueabi-g++ -std=c++1y "-IC:\\Users\\Sam/wpilib/cpp/current/include" "-ID:\\Users\\Sam\\Projects\\Robotics\\Steamworks-Code\\Arcade Drive\\src" "-IC:\\Users\\Sam/wpilib/user/cpp/include" -O0 -Og -g3 -Wall -c -fmessage-length=0 -o "src\\Robot.o" "..\\src\\Robot.cpp" 
..\src\Robot.cpp: In member function 'virtual void Robot::Autonomous()':
..\src\Robot.cpp:61:10: warning: unused variable 'startLimit' [-Wunused-variable]
   double startLimit = 1;
          ^
..\src\Robot.cpp:63:10: warning: unused variable 'controlLimit' [-Wunused-variable]
   double controlLimit = 0;
          ^
..\src\Robot.cpp: In member function 'virtual void Robot::OperatorControl()':
..\src\Robot.cpp:400:8: warning: variable 'toggleOn' set but not used [-Wunused-but-set-variable]
   bool toggleOn = false;
        ^
arm-frc-linux-gnueabi-g++ -std=c++1y "-IC:\\Users\\Sam/wpilib/cpp/current/include" "-ID:\\Users\\Sam\\Projects\\Robotics\\Steamworks-Code\\Arcade Drive\\src" "-IC:\\Users\\Sam/wpilib/user/cpp/include" -O0 -Og -g3 -Wall -c -fmessage-length=0 -o "src\\autoManager.o" "..\\src\\autoManager.cpp" 
arm-frc-linux-gnueabi-g++ -std=c++1y "-IC:\\Users\\Sam/wpilib/cpp/current/include" "-ID:\\Users\\Sam\\Projects\\Robotics\\Steamworks-Code\\Arcade Drive\\src" "-IC:\\Users\\Sam/wpilib/user/cpp/include" -O0 -Og -g3 -Wall -c -fmessage-length=0 -o "src\\inputManager.o" "..\\src\\inputManager.cpp" 
arm-frc-linux-gnueabi-g++ -std=c++1y "-IC:\\Users\\Sam/wpilib/cpp/current/include" "-ID:\\Users\\Sam\\Projects\\Robotics\\Steamworks-Code\\Arcade Drive\\src" "-IC:\\Users\\Sam/wpilib/user/cpp/include" -O0 -Og -g3 -Wall -c -fmessage-length=0 -o "src\\cameraManager.o" "..\\src\\cameraManager.cpp" 
arm-frc-linux-gnueabi-g++ -std=c++1y "-IC:\\Users\\Sam/wpilib/cpp/current/include" "-ID:\\Users\\Sam\\Projects\\Robotics\\Steamworks-Code\\Arcade Drive\\src" "-IC:\\Users\\Sam/wpilib/user/cpp/include" -O0 -Og -g3 -Wall -c -fmessage-length=0 -o "src\\driveManager.o" "..\\src\\driveManager.cpp" 
arm-frc-linux-gnueabi-g++ -std=c++1y "-IC:\\Users\\Sam/wpilib/cpp/current/include" "-ID:\\Users\\Sam\\Projects\\Robotics\\Steamworks-Code\\Arcade Drive\\src" "-IC:\\Users\\Sam/wpilib/user/cpp/include" -O0 -Og -g3 -Wall -c -fmessage-length=0 -o "src\\manipulator.o" "..\\src\\manipulator.cpp" 
arm-frc-linux-gnueabi-g++ -std=c++1y "-IC:\\Users\\Sam/wpilib/cpp/current/include" "-ID:\\Users\\Sam\\Projects\\Robotics\\Steamworks-Code\\Arcade Drive\\src" "-IC:\\Users\\Sam/wpilib/user/cpp/include" -O0 -Og -g3 -Wall -c -fmessage-length=0 -o "src\\hardwareManager.o" "..\\src\\hardwareManager.cpp" 
arm-frc-linux-gnueabi-g++ -std=c++1y "-IC:\\Users\\Sam/wpilib/cpp/current/include" "-ID:\\Users\\Sam\\Projects\\Robotics\\Steamworks-Code\\Arcade Drive\\src" "-IC:\\Users\\Sam/wpilib/user/cpp/include" -O0 -Og -g3 -Wall -c -fmessage-length=0 -o "src\\lidarManager.o" "..\\src\\lidarManager.cpp" 
Command canceled
